<?xml version="1.0" encoding="UTF-8"?>
<testsuite xmlns:xsi="http://www.w3.org/2001/XMLSchema-instance" xsi:noNamespaceSchemaLocation="https://maven.apache.org/surefire/maven-surefire-plugin/xsd/surefire-test-report-3.0.xsd" version="3.0" name="com.grocery.orderconfirmation.OrderconfirmationApplicationTests" time="6.779" tests="1" errors="0" skipped="0" failures="0">
  <properties>
[...]
</properties>
  <testcase name="contextLoads" classname="com.grocery.orderconfirmation.OrderconfirmationApplicationTests" time="2.068">
    <system-out><![CDATA[03:59:19.323 [main] INFO org.springframework.test.context.support.AnnotationConfigContextLoaderUtils -- Could not detect default configuration classes for test class [com.grocery.orderconfirmation.OrderconfirmationApplicationTests]: OrderconfirmationApplicationTests does not declare any static, non-private, non-final, nested classes annotated with @Configuration.
03:59:19.718 [main] INFO org.springframework.boot.test.context.SpringBootTestContextBootstrapper -- Found @SpringBootConfiguration com.grocery.orderconfirmation.OrderconfirmationApplication for test class com.grocery.orderconfirmation.OrderconfirmationApplicationTests

  .   ____          _            __ _ _
 /\\ / ___'_ __ _ _(_)_ __  __ _ \ \ \ \
( ( )\___ | '_ | '_| | '_ \/ _` | \ \ \ \
 \\/  ___)| |_)| | | | | || (_| |  ) ) ) )
  '  |____| .__|_| |_|_| |_\__, | / / / /
 =========|_|==============|___/=/_/_/_/

 :: Spring Boot ::                (v3.3.1)

2024-07-09T03:59:21.125+05:30  INFO 31568 --- [orderconfirmation] [           main] c.g.o.OrderconfirmationApplicationTests  : Starting OrderconfirmationApplicationTests using Java 20.0.1 with PID 31568 (started by Swetha S in E:\Vinay\WILP\C4 CLoudNative\Assignment2\orderconfirmation)
2024-07-09T03:59:21.125+05:30  INFO 31568 --- [orderconfirmation] [           main] c.g.o.OrderconfirmationApplicationTests  : No active profile set, falling back to 1 default profile: "default"
2024-07-09T03:59:23.392+05:30  INFO 31568 --- [orderconfirmation] [           main] c.g.o.OrderconfirmationApplicationTests  : Started OrderconfirmationApplicationTests in 2.763 seconds (process running for 5.892)
]]></system-out>
  </testcase>
</testsuite>